<?xml version="1.0" encoding="utf-8"?><testsuites name="pytest tests"><testsuite name="pytest" errors="0" failures="1" skipped="0" tests="35" time="6.512" timestamp="2026-05-22T20:18:29.392940+00:00" hostname="agent-env-bd4bfc69-1934-4923-9bf8-cd63639a4fae"><testcase classname="backend.tests.test_louvorapp_api.TestHealth" name="test_root" time="0.220" /><testcase classname="backend.tests.test_louvorapp_api.TestAuth" name="test_signup_creates_leader_with_invite_and_api_key" time="0.332" /><testcase classname="backend.tests.test_louvorapp_api.TestAuth" name="test_signup_member_via_invite_code" time="0.388"><failure message="AssertionError: assert 'lvr_xLWAKyLKFN-b6a0w3ErLhwOU1yZiChYgqNi2hRkzOYA' in (None, '')&#10; +  where 'lvr_xLWAKyLKFN-b6a0w3ErLhwOU1yZiChYgqNi2hRkzOYA' = &lt;built-in method get of dict object at 0xfb53c4e81180&gt;('api_key')&#10; +    where &lt;built-in method get of dict object at 0xfb53c4e81180&gt; = {'api_key': 'lvr_xLWAKyLKFN-b6a0w3ErLhwOU1yZiChYgqNi2hRkzOYA', 'id': '2e261bfe-d794-4ec4-9f7c-4bec6259fc9a', 'invite_code': '4WOJ4G', 'name': 'TEST_Ministry_61c124'}.get">backend/tests/test_louvorapp_api.py:40: in test_signup_member_via_invite_code
    assert member_account["ministry"].get("api_key") in (None, "")
E   AssertionError: assert 'lvr_xLWAKyLKFN-b6a0w3ErLhwOU1yZiChYgqNi2hRkzOYA' in (None, '')
E    +  where 'lvr_xLWAKyLKFN-b6a0w3ErLhwOU1yZiChYgqNi2hRkzOYA' = &lt;built-in method get of dict object at 0xfb53c4e81180&gt;('api_key')
E    +    where &lt;built-in method get of dict object at 0xfb53c4e81180&gt; = {'api_key': 'lvr_xLWAKyLKFN-b6a0w3ErLhwOU1yZiChYgqNi2hRkzOYA', 'id': '2e261bfe-d794-4ec4-9f7c-4bec6259fc9a', 'invite_code': '4WOJ4G', 'name': 'TEST_Ministry_61c124'}.get</failure></testcase><testcase classname="backend.tests.test_louvorapp_api.TestAuth" name="test_signup_requires_ministry_or_invite" time="0.069" /><testcase classname="backend.tests.test_louvorapp_api.TestAuth" name="test_signup_invalid_invite" time="0.074" /><testcase classname="backend.tests.test_louvorapp_api.TestAuth" name="test_signup_duplicate_email" time="0.067" /><testcase classname="backend.tests.test_louvorapp_api.TestAuth" name="test_login_success_and_me" time="0.805" /><testcase classname="backend.tests.test_louvorapp_api.TestAuth" name="test_login_wrong_password" time="0.745" /><testcase classname="backend.tests.test_louvorapp_api.TestAuth" name="test_me_requires_token" time="0.065" /><testcase classname="backend.tests.test_louvorapp_api.TestAuth" name="test_me_invalid_token" time="0.070" /><testcase classname="backend.tests.test_louvorapp_api.TestMinistry" name="test_get_ministry_as_leader_includes_api_key" time="0.075" /><testcase classname="backend.tests.test_louvorapp_api.TestMinistry" name="test_get_ministry_as_member_hides_api_key" time="0.067" /><testcase classname="backend.tests.test_louvorapp_api.TestMinistry" name="test_list_members" time="0.071" /><testcase classname="backend.tests.test_louvorapp_api.TestMinistry" name="test_leader_can_grant_permission_to_member" time="0.068" /><testcase classname="backend.tests.test_louvorapp_api.TestMinistry" name="test_member_cannot_update_members" time="0.076" /><testcase classname="backend.tests.test_louvorapp_api.TestMinistry" name="test_rotate_api_key_changes_value" time="0.073" /><testcase classname="backend.tests.test_louvorapp_api.TestMinistry" name="test_member_cannot_rotate_api_key" time="0.080" /><testcase classname="backend.tests.test_louvorapp_api.TestSongs" name="test_member_cannot_create_song" time="0.000" /><testcase classname="backend.tests.test_louvorapp_api.TestSongs" name="test_member_no_perm_cannot_create_song" time="0.360" /><testcase classname="backend.tests.test_louvorapp_api.TestSongs" name="test_leader_song_crud" time="0.375" /><testcase classname="backend.tests.test_louvorapp_api.TestSongs" name="test_delete_song" time="0.211" /><testcase classname="backend.tests.test_louvorapp_api.TestScales" name="test_leader_scale_crud" time="0.215" /><testcase classname="backend.tests.test_louvorapp_api.TestScales" name="test_member_no_perm_cannot_create_scale" time="0.364" /><testcase classname="backend.tests.test_louvorapp_api.TestAnnouncements" name="test_leader_create_and_list" time="0.212" /><testcase classname="backend.tests.test_louvorapp_api.TestAnnouncements" name="test_member_no_perm_cannot_create_announcement" time="0.371" /><testcase classname="backend.tests.test_louvorapp_api.TestStats" name="test_stats_shape" time="0.067" /><testcase classname="backend.tests.test_louvorapp_api.TestMultiTenancy" name="test_other_ministry_cannot_see_data" time="0.357" /><testcase classname="backend.tests.test_louvorapp_api.TestMultiTenancy" name="test_other_ministry_cannot_access_song_by_id" time="0.065" /><testcase classname="backend.tests.test_louvorapp_api.TestMultiTenancy" name="test_other_leader_cannot_update_foreign_member" time="0.069" /><testcase classname="backend.tests.test_louvorapp_api.TestExternalAPI" name="test_external_requires_key" time="0.073" /><testcase classname="backend.tests.test_louvorapp_api.TestExternalAPI" name="test_external_invalid_key" time="0.064" /><testcase classname="backend.tests.test_louvorapp_api.TestExternalAPI" name="test_external_ministry" time="0.069" /><testcase classname="backend.tests.test_louvorapp_api.TestExternalAPI" name="test_external_songs" time="0.065" /><testcase classname="backend.tests.test_louvorapp_api.TestExternalAPI" name="test_external_scales_upcoming_with_setlist_bpm" time="0.068" /><testcase classname="backend.tests.test_louvorapp_api.TestExternalAPI" name="test_external_scale_detail_includes_lyrics" time="0.066" /></testsuite></testsuites>